<?xml version="1.0" encoding="UTF-8"?>
<!-- Generated by org.testng.reporters.JUnitXMLReporter -->
<testsuite hostname="HASEE-PC" ignored="0" name="Command line test" tests="2" failures="2" timestamp="04 Aug 2019 12:27:37 GMT" time="94.481" errors="0">
  <testcase name="loginTestCase" time="5.899" classname="suites.LoginTestCase">
    <failure type="java.lang.AssertionError" message="expected [true] but found [false]">
      <![CDATA[java.lang.AssertionError: expected [true] but found [false]
at suites.LoginTestCase.loginTestCase(LoginTestCase.java:34)
... Removed 38 stack frames]]>
    </failure>
  </testcase> <!-- loginTestCase -->
  <testcase name="loginTestCase" time="8.86" classname="suites.LoginTestCase">
    <failure type="java.lang.AssertionError" message="expected [true] but found [false]">
      <![CDATA[java.lang.AssertionError: expected [true] but found [false]
at suites.LoginTestCase.loginTestCase(LoginTestCase.java:38)
... Removed 38 stack frames]]>
    </failure>
  </testcase> <!-- loginTestCase -->
</testsuite> <!-- Command line test -->
