<?xml version="1.0" encoding="UTF-8" ?>
<testsuite tests="2" failures="2" name="suites.LoginTestCase" time="14.974" errors="0" skipped="0">
  <properties>
[...]
</properties>
  <testcase classname="suites.LoginTestCase" name="loginTestCase" time="6.116">
    <failure message="expected [true] but found [false]" type="java.lang.AssertionError">java.lang.AssertionError: expected [true] but found [false]
	at org.testng.Assert.fail(Assert.java:96)
	at org.testng.Assert.failNotEquals(Assert.java:776)
	at org.testng.Assert.assertTrue(Assert.java:44)
	at org.testng.Assert.assertTrue(Assert.java:54)
	at suites.LoginTestCase.loginTestCase(LoginTestCase.java:34)
</failure>
    <system-out>Configuring TestNG with: org.apache.maven.surefire.testng.conf.TestNG652Configurator@1e26db8
</system-out>
    <system-err>Starting ChromeDriver 74.0.3729.6 (255758eccf3d244491b8a1317aa76e1ce10d57e9-refs/branch-heads/3729@{#29}) on port 18312
Only local connections are allowed.
Please protect ports used by ChromeDriver and related test frameworks to prevent access by malicious code.
[1564921616.797][WARNING]: This version of ChromeDriver has not been tested with Chrome version 75.
[1564921617.683][WARNING]: This version of ChromeDriver has not been tested with Chrome version 75.
Aug 04, 2019 5:57:06 PM org.openqa.selenium.remote.ProtocolHandshake createSession
INFO: Detected dialect: OSS
Not Landed succesffuly on the Home page with valid credential
</system-err>
  </testcase>
  <testcase classname="suites.LoginTestCase" name="loginTestCase" time="8.858">
    <failure message="expected [true] but found [false]" type="java.lang.AssertionError">java.lang.AssertionError: expected [true] but found [false]
	at org.testng.Assert.fail(Assert.java:96)
	at org.testng.Assert.failNotEquals(Assert.java:776)
	at org.testng.Assert.assertTrue(Assert.java:44)
	at org.testng.Assert.assertTrue(Assert.java:54)
	at suites.LoginTestCase.loginTestCase(LoginTestCase.java:38)
</failure>
    <system-err>Starting ChromeDriver 74.0.3729.6 (255758eccf3d244491b8a1317aa76e1ce10d57e9-refs/branch-heads/3729@{#29}) on port 2442
Only local connections are allowed.
Please protect ports used by ChromeDriver and related test frameworks to prevent access by malicious code.
[1564921644.527][WARNING]: This version of ChromeDriver has not been tested with Chrome version 75.
Aug 04, 2019 5:57:27 PM org.openqa.selenium.remote.ProtocolHandshake createSession
INFO: Detected dialect: OSS
Landed on the Home page with invalid credential
</system-err>
  </testcase>
</testsuite>